<?xml version="1.0" encoding="UTF-8"?>
<testng-results ignored="0" total="2" passed="2" failed="0" skipped="0">
  <reporter-output>
  </reporter-output>
  <suite started-at="2021-05-28T17:55:40 UTC" name="Selenium Test Suite" finished-at="2021-05-28T17:55:49 UTC" duration-ms="8419">
    <groups>
    </groups>
    <test started-at="2021-05-28T17:55:40 UTC" name="Selenium Test - 2" finished-at="2021-05-28T17:55:49 UTC" duration-ms="8366">
      <class name="com.seletest.AppTest">
        <test-method is-config="true" signature="setup()[pri:0, instance:com.seletest.AppTest@158a8276]" started-at="2021-05-28T17:55:40 UTC" name="setup" finished-at="2021-05-28T17:55:46 UTC" duration-ms="5984" status="PASS">
          <reporter-output>
          </reporter-output>
        </test-method> <!-- setup -->
        <test-method signature="doctest()[pri:0, instance:com.seletest.AppTest@158a8276]" started-at="2021-05-28T17:55:46 UTC" name="doctest" finished-at="2021-05-28T17:55:48 UTC" duration-ms="2147" status="PASS">
          <reporter-output>
          </reporter-output>
        </test-method> <!-- doctest -->
        <test-method is-config="true" signature="tearDown()[pri:0, instance:com.seletest.AppTest@158a8276]" started-at="2021-05-28T17:55:48 UTC" name="tearDown" finished-at="2021-05-28T17:55:49 UTC" duration-ms="175" status="PASS">
          <reporter-output>
          </reporter-output>
        </test-method> <!-- tearDown -->
      </class> <!-- com.seletest.AppTest -->
    </test> <!-- Selenium Test - 2 -->
    <test started-at="2021-05-28T17:55:40 UTC" name="Selenium Test - 1" finished-at="2021-05-28T17:55:49 UTC" duration-ms="8419">
      <class name="com.seletest.AppTest">
        <test-method is-config="true" signature="setup()[pri:0, instance:com.seletest.AppTest@24269709]" started-at="2021-05-28T17:55:40 UTC" name="setup" finished-at="2021-05-28T17:55:46 UTC" duration-ms="6145" status="PASS">
          <reporter-output>
          </reporter-output>
        </test-method> <!-- setup -->
        <test-method signature="doctest()[pri:0, instance:com.seletest.AppTest@24269709]" started-at="2021-05-28T17:55:46 UTC" name="doctest" finished-at="2021-05-28T17:55:48 UTC" duration-ms="2156" status="PASS">
          <reporter-output>
          </reporter-output>
        </test-method> <!-- doctest -->
        <test-method is-config="true" signature="tearDown()[pri:0, instance:com.seletest.AppTest@24269709]" started-at="2021-05-28T17:55:48 UTC" name="tearDown" finished-at="2021-05-28T17:55:49 UTC" duration-ms="106" status="PASS">
          <reporter-output>
          </reporter-output>
        </test-method> <!-- tearDown -->
      </class> <!-- com.seletest.AppTest -->
    </test> <!-- Selenium Test - 1 -->
  </suite> <!-- Selenium Test Suite -->
</testng-results>
