<?xml version="1.0" encoding="UTF-8"?>
<testng-results ignored="0" total="1" passed="1" failed="0" skipped="0">
  <reporter-output>
  </reporter-output>
  <suite started-at="2021-05-28T10:53:06 UTC" name="Selenium Test Suite" finished-at="2021-05-28T10:53:13 UTC" duration-ms="7380">
    <groups>
    </groups>
    <test started-at="2021-05-28T10:53:06 UTC" name="Selenium Test - 1" finished-at="2021-05-28T10:53:13 UTC" duration-ms="7380">
      <class name="com.seletest.AppTest">
        <test-method is-config="true" signature="setup()[pri:0, instance:com.seletest.AppTest@7a8c8dcf]" started-at="2021-05-28T10:53:06 UTC" name="setup" finished-at="2021-05-28T10:53:11 UTC" duration-ms="5499" status="PASS">
          <reporter-output>
          </reporter-output>
        </test-method> <!-- setup -->
        <test-method signature="doctest()[pri:0, instance:com.seletest.AppTest@7a8c8dcf]" started-at="2021-05-28T10:53:11 UTC" name="doctest" finished-at="2021-05-28T10:53:13 UTC" duration-ms="1701" status="PASS">
          <reporter-output>
          </reporter-output>
        </test-method> <!-- doctest -->
        <test-method is-config="true" signature="tearDown()[pri:0, instance:com.seletest.AppTest@7a8c8dcf]" started-at="2021-05-28T10:53:13 UTC" name="tearDown" finished-at="2021-05-28T10:53:13 UTC" duration-ms="151" status="PASS">
          <reporter-output>
          </reporter-output>
        </test-method> <!-- tearDown -->
      </class> <!-- com.seletest.AppTest -->
    </test> <!-- Selenium Test - 1 -->
  </suite> <!-- Selenium Test Suite -->
</testng-results>
